2017-08-11 15:23:14,807 INFO  [Log] **************************************************************************************** 
2017-08-11 15:23:14,808 INFO  [Log] **************************************************************************************** 
2017-08-11 15:23:14,808 INFO  [Log] $$$$$$$$$$$$$$$$$$$$$              MercuryTourTest_TestNG       $$$$$$$$$$$$$$$$$$$$$$$$$ 
2017-08-11 15:23:14,808 INFO  [Log] **************************************************************************************** 
2017-08-11 15:23:14,808 INFO  [Log] **************************************************************************************** 
2017-08-11 15:23:16,620 INFO  [Log] New driver instantiated 
2017-08-11 15:23:16,627 INFO  [Log] Implicit wait applied on the driver for 20 seconds 
2017-08-11 15:23:19,013 INFO  [Log] Navigate to http://newtours.demoaut.com/mercurypurchase.php successfully 
2017-08-11 15:23:19,046 INFO  [Log] User Name field is found on the page 
2017-08-11 15:23:19,107 INFO  [Log] User Name field is found on the page 
2017-08-11 15:23:19,205 INFO  [Log] Password field is found on the page 
2017-08-11 15:23:19,294 INFO  [Log] Sign-in button is found on the page 
2017-08-11 15:23:22,499 INFO  [Log] Trip Type radio button is found on the page 
2017-08-11 15:23:23,027 INFO  [Log] Continue button at Find Flights is found on the page 
2017-08-11 15:23:23,765 INFO  [Log] Continue button at Reserve Flights is found on the page 
2017-08-11 15:23:23,819 INFO  [Log] Continue button at Reserve Flights is found on the page 
2017-08-11 15:23:24,797 INFO  [Log] First Name field is found on the page 
2017-08-11 15:23:24,848 INFO  [Log] First Name field is found on the page 
2017-08-11 15:23:24,952 INFO  [Log] Last Name field is found on the page 
2017-08-11 15:23:25,045 INFO  [Log] Credit Card number field is found on the page 
2017-08-11 15:23:25,112 INFO  [Log] Ticketless Travel checkbox is found on the page 
2017-08-11 15:23:25,192 INFO  [Log] Secure Purchase button is found on the page 
2017-08-11 15:23:26,155 INFO  [Log] Back To Home button is found on the page 
2017-08-11 15:23:26,207 INFO  [Log] Back To Home button is found on the page 
2017-08-11 15:23:27,045 INFO  [Log] XXXXXXXXXXXXXXXXXXXXXXX          -E---N---D-            XXXXXXXXXXXXXXXXXXXXXX 
